<?xml version="1.0" encoding="UTF-8"?>
<testsuite name="org.example.springboot.HelloControllerTest" tests="2" skipped="0" failures="0" errors="0" timestamp="2020-07-28T15:03:37" hostname="DESKTOP-DG5FISV" time="0.339">
  <properties/>
  <testcase name="hello가_리턴된다" classname="org.example.springboot.HelloControllerTest" time="0.257"/>
  <testcase name="helloDto가_리턴된다" classname="org.example.springboot.HelloControllerTest" time="0.082"/>
  <system-out><![CDATA[00:03:34.877 [Test worker] DEBUG org.springframework.test.context.junit4.SpringJUnit4ClassRunner - SpringJUnit4ClassRunner constructor called with [class org.example.springboot.HelloControllerTest]
00:03:34.886 [Test worker] DEBUG org.springframework.test.context.BootstrapUtils - Instantiating CacheAwareContextLoaderDelegate from class [org.springframework.test.context.cache.DefaultCacheAwareContextLoaderDelegate]
00:03:34.896 [Test worker] DEBUG org.springframework.test.context.BootstrapUtils - Instantiating BootstrapContext using constructor [public org.springframework.test.context.support.DefaultBootstrapContext(java.lang.Class,org.springframework.test.context.CacheAwareContextLoaderDelegate)]
00:03:34.916 [Test worker] DEBUG org.springframework.test.context.BootstrapUtils - Instantiating TestContextBootstrapper for test class [org.example.springboot.HelloControllerTest] from class [org.springframework.boot.test.autoconfigure.web.servlet.WebMvcTestContextBootstrapper]
00:03:34.939 [Test worker] INFO org.springframework.boot.test.autoconfigure.web.servlet.WebMvcTestContextBootstrapper - Neither @ContextConfiguration nor @ContextHierarchy found for test class [org.example.springboot.HelloControllerTest], using SpringBootContextLoader
00:03:34.943 [Test worker] DEBUG org.springframework.test.context.support.AbstractContextLoader - Did not detect default resource location for test class [org.example.springboot.HelloControllerTest]: class path resource [org/example/springboot/HelloControllerTest-context.xml] does not exist
00:03:34.944 [Test worker] DEBUG org.springframework.test.context.support.AbstractContextLoader - Did not detect default resource location for test class [org.example.springboot.HelloControllerTest]: class path resource [org/example/springboot/HelloControllerTestContext.groovy] does not exist
00:03:34.944 [Test worker] INFO org.springframework.test.context.support.AbstractContextLoader - Could not detect default resource locations for test class [org.example.springboot.HelloControllerTest]: no resource found for suffixes {-context.xml, Context.groovy}.
00:03:34.945 [Test worker] INFO org.springframework.test.context.support.AnnotationConfigContextLoaderUtils - Could not detect default configuration classes for test class [org.example.springboot.HelloControllerTest]: HelloControllerTest does not declare any static, non-private, non-final, nested classes annotated with @Configuration.
00:03:35.022 [Test worker] DEBUG org.springframework.test.context.support.ActiveProfilesUtils - Could not find an 'annotation declaring class' for annotation type [org.springframework.test.context.ActiveProfiles] and class [org.example.springboot.HelloControllerTest]
00:03:35.084 [Test worker] DEBUG org.springframework.context.annotation.ClassPathScanningCandidateComponentProvider - Identified candidate component class: file [C:\Users\coldFlow\IdeaProjects\springboot-webservice\build\classes\java\main\org\example\springboot\Application.class]
00:03:35.086 [Test worker] INFO org.springframework.boot.test.context.SpringBootTestContextBootstrapper - Found @SpringBootConfiguration org.example.springboot.Application for test class org.example.springboot.HelloControllerTest
00:03:35.088 [Test worker] DEBUG org.springframework.boot.test.autoconfigure.web.servlet.WebMvcTestContextBootstrapper - @TestExecutionListeners is not present for class [org.example.springboot.HelloControllerTest]: using defaults.
00:03:35.088 [Test worker] INFO org.springframework.boot.test.autoconfigure.web.servlet.WebMvcTestContextBootstrapper - Loaded default TestExecutionListener class names from location [META-INF/spring.factories]: [org.springframework.security.test.context.support.WithSecurityContextTestExecutionListener, org.springframework.security.test.context.support.ReactorContextTestExecutionListener, org.springframework.boot.test.autoconfigure.restdocs.RestDocsTestExecutionListener, org.springframework.boot.test.autoconfigure.web.client.MockRestServiceServerResetTestExecutionListener, org.springframework.boot.test.autoconfigure.web.servlet.MockMvcPrintOnlyOnFailureTestExecutionListener, org.springframework.boot.test.autoconfigure.web.servlet.WebDriverTestExecutionListener, org.springframework.boot.test.mock.mockito.MockitoTestExecutionListener, org.springframework.boot.test.mock.mockito.ResetMocksTestExecutionListener, org.springframework.test.context.web.ServletTestExecutionListener, org.springframework.test.context.support.DirtiesContextBeforeModesTestExecutionListener, org.springframework.test.context.support.DependencyInjectionTestExecutionListener, org.springframework.test.context.support.DirtiesContextTestExecutionListener, org.springframework.test.context.transaction.TransactionalTestExecutionListener, org.springframework.test.context.jdbc.SqlScriptsTestExecutionListener]
00:03:35.115 [Test worker] INFO org.springframework.boot.test.autoconfigure.web.servlet.WebMvcTestContextBootstrapper - Using TestExecutionListeners: [org.springframework.test.context.web.ServletTestExecutionListener@61a2616a, org.springframework.test.context.support.DirtiesContextBeforeModesTestExecutionListener@52cedf0c, org.springframework.boot.test.mock.mockito.MockitoTestExecutionListener@3c48ac48, org.springframework.boot.test.autoconfigure.SpringBootDependencyInjectionTestExecutionListener@38ba4c63, org.springframework.test.context.support.DirtiesContextTestExecutionListener@4a61d32f, org.springframework.test.context.transaction.TransactionalTestExecutionListener@6ef353d0, org.springframework.test.context.jdbc.SqlScriptsTestExecutionListener@172088aa, org.springframework.security.test.context.support.WithSecurityContextTestExecutionListener@7d130779, org.springframework.security.test.context.support.ReactorContextTestExecutionListener@39af4b5f, org.springframework.boot.test.autoconfigure.restdocs.RestDocsTestExecutionListener@4db6e269, org.springframework.boot.test.autoconfigure.web.client.MockRestServiceServerResetTestExecutionListener@5ec046ad, org.springframework.boot.test.autoconfigure.web.servlet.MockMvcPrintOnlyOnFailureTestExecutionListener@3b8dbac3, org.springframework.boot.test.autoconfigure.web.servlet.WebDriverTestExecutionListener@78bbeb5e, org.springframework.boot.test.mock.mockito.ResetMocksTestExecutionListener@264eb8a]
00:03:35.118 [Test worker] DEBUG org.springframework.test.annotation.ProfileValueUtils - Retrieved @ProfileValueSourceConfiguration [null] for test class [org.example.springboot.HelloControllerTest]
00:03:35.119 [Test worker] DEBUG org.springframework.test.annotation.ProfileValueUtils - Retrieved ProfileValueSource type [class org.springframework.test.annotation.SystemProfileValueSource] for class [org.example.springboot.HelloControllerTest]
00:03:35.119 [Test worker] DEBUG org.springframework.test.annotation.ProfileValueUtils - Retrieved @ProfileValueSourceConfiguration [null] for test class [org.example.springboot.HelloControllerTest]
00:03:35.120 [Test worker] DEBUG org.springframework.test.annotation.ProfileValueUtils - Retrieved ProfileValueSource type [class org.springframework.test.annotation.SystemProfileValueSource] for class [org.example.springboot.HelloControllerTest]
00:03:35.125 [Test worker] DEBUG org.springframework.test.context.support.AbstractDirtiesContextTestExecutionListener - Before test class: context [DefaultTestContext@22e1ed70 testClass = HelloControllerTest, testInstance = [null], testMethod = [null], testException = [null], mergedContextConfiguration = [WebMergedContextConfiguration@842384b testClass = HelloControllerTest, locations = '{}', classes = '{class org.example.springboot.Application}', contextInitializerClasses = '[]', activeProfiles = '{}', propertySourceLocations = '{}', propertySourceProperties = '{org.springframework.boot.test.autoconfigure.web.servlet.WebMvcTestContextBootstrapper=true}', contextCustomizers = set[org.springframework.boot.test.autoconfigure.OverrideAutoConfigurationContextCustomizerFactory$DisableAutoConfigurationContextCustomizer@5c26846d, org.springframework.boot.test.autoconfigure.filter.TypeExcludeFiltersContextCustomizer@834f832c, org.springframework.boot.test.autoconfigure.properties.PropertyMappingContextCustomizer@b8a2e8fd, org.springframework.boot.test.autoconfigure.web.servlet.WebDriverContextCustomizerFactory$Customizer@4b599e4a, [ImportsContextCustomizer@3a95d9f key = [org.springframework.boot.autoconfigure.cache.CacheAutoConfiguration, org.springframework.boot.autoconfigure.context.MessageSourceAutoConfiguration, org.springframework.boot.autoconfigure.data.web.SpringDataWebAutoConfiguration, org.springframework.boot.autoconfigure.freemarker.FreeMarkerAutoConfiguration, org.springframework.boot.autoconfigure.groovy.template.GroovyTemplateAutoConfiguration, org.springframework.boot.autoconfigure.gson.GsonAutoConfiguration, org.springframework.boot.autoconfigure.hateoas.HypermediaAutoConfiguration, org.springframework.boot.autoconfigure.http.HttpMessageConvertersAutoConfiguration, org.springframework.boot.autoconfigure.jackson.JacksonAutoConfiguration, org.springframework.boot.autoconfigure.jsonb.JsonbAutoConfiguration, org.springframework.boot.autoconfigure.mustache.MustacheAutoConfiguration, org.springframework.boot.autoconfigure.task.TaskExecutionAutoConfiguration, org.springframework.boot.autoconfigure.thymeleaf.ThymeleafAutoConfiguration, org.springframework.boot.autoconfigure.validation.ValidationAutoConfiguration, org.springframework.boot.autoconfigure.web.servlet.error.ErrorMvcAutoConfiguration, org.springframework.boot.autoconfigure.web.servlet.WebMvcAutoConfiguration, org.springframework.boot.test.autoconfigure.web.servlet.MockMvcAutoConfiguration, org.springframework.boot.test.autoconfigure.web.servlet.MockMvcSecurityAutoConfiguration, org.springframework.boot.test.autoconfigure.web.servlet.MockMvcWebClientAutoConfiguration, org.springframework.boot.test.autoconfigure.web.servlet.MockMvcWebDriverAutoConfiguration]], org.springframework.boot.test.context.filter.ExcludeFilterContextCustomizer@774efa21, org.springframework.boot.test.json.DuplicateJsonObjectContextCustomizerFactory$DuplicateJsonObjectContextCustomizer@65c1bec1, org.springframework.boot.test.mock.mockito.MockitoContextCustomizer@0], resourceBasePath = 'src/main/webapp', contextLoader = 'org.springframework.boot.test.context.SpringBootContextLoader', parent = [null]], attributes = map[[empty]]], class annotated with @DirtiesContext [false] with mode [null].
00:03:35.126 [Test worker] DEBUG org.springframework.test.annotation.ProfileValueUtils - Retrieved @ProfileValueSourceConfiguration [null] for test class [org.example.springboot.HelloControllerTest]
00:03:35.126 [Test worker] DEBUG org.springframework.test.annotation.ProfileValueUtils - Retrieved ProfileValueSource type [class org.springframework.test.annotation.SystemProfileValueSource] for class [org.example.springboot.HelloControllerTest]
00:03:35.131 [Test worker] DEBUG org.springframework.test.context.support.DependencyInjectionTestExecutionListener - Performing dependency injection for test context [[DefaultTestContext@22e1ed70 testClass = HelloControllerTest, testInstance = org.example.springboot.HelloControllerTest@7904b376, testMethod = [null], testException = [null], mergedContextConfiguration = [WebMergedContextConfiguration@842384b testClass = HelloControllerTest, locations = '{}', classes = '{class org.example.springboot.Application}', contextInitializerClasses = '[]', activeProfiles = '{}', propertySourceLocations = '{}', propertySourceProperties = '{org.springframework.boot.test.autoconfigure.web.servlet.WebMvcTestContextBootstrapper=true}', contextCustomizers = set[org.springframework.boot.test.autoconfigure.OverrideAutoConfigurationContextCustomizerFactory$DisableAutoConfigurationContextCustomizer@5c26846d, org.springframework.boot.test.autoconfigure.filter.TypeExcludeFiltersContextCustomizer@834f832c, org.springframework.boot.test.autoconfigure.properties.PropertyMappingContextCustomizer@b8a2e8fd, org.springframework.boot.test.autoconfigure.web.servlet.WebDriverContextCustomizerFactory$Customizer@4b599e4a, [ImportsContextCustomizer@3a95d9f key = [org.springframework.boot.autoconfigure.cache.CacheAutoConfiguration, org.springframework.boot.autoconfigure.context.MessageSourceAutoConfiguration, org.springframework.boot.autoconfigure.data.web.SpringDataWebAutoConfiguration, org.springframework.boot.autoconfigure.freemarker.FreeMarkerAutoConfiguration, org.springframework.boot.autoconfigure.groovy.template.GroovyTemplateAutoConfiguration, org.springframework.boot.autoconfigure.gson.GsonAutoConfiguration, org.springframework.boot.autoconfigure.hateoas.HypermediaAutoConfiguration, org.springframework.boot.autoconfigure.http.HttpMessageConvertersAutoConfiguration, org.springframework.boot.autoconfigure.jackson.JacksonAutoConfiguration, org.springframework.boot.autoconfigure.jsonb.JsonbAutoConfiguration, org.springframework.boot.autoconfigure.mustache.MustacheAutoConfiguration, org.springframework.boot.autoconfigure.task.TaskExecutionAutoConfiguration, org.springframework.boot.autoconfigure.thymeleaf.ThymeleafAutoConfiguration, org.springframework.boot.autoconfigure.validation.ValidationAutoConfiguration, org.springframework.boot.autoconfigure.web.servlet.error.ErrorMvcAutoConfiguration, org.springframework.boot.autoconfigure.web.servlet.WebMvcAutoConfiguration, org.springframework.boot.test.autoconfigure.web.servlet.MockMvcAutoConfiguration, org.springframework.boot.test.autoconfigure.web.servlet.MockMvcSecurityAutoConfiguration, org.springframework.boot.test.autoconfigure.web.servlet.MockMvcWebClientAutoConfiguration, org.springframework.boot.test.autoconfigure.web.servlet.MockMvcWebDriverAutoConfiguration]], org.springframework.boot.test.context.filter.ExcludeFilterContextCustomizer@774efa21, org.springframework.boot.test.json.DuplicateJsonObjectContextCustomizerFactory$DuplicateJsonObjectContextCustomizer@65c1bec1, org.springframework.boot.test.mock.mockito.MockitoContextCustomizer@0], resourceBasePath = 'src/main/webapp', contextLoader = 'org.springframework.boot.test.context.SpringBootContextLoader', parent = [null]], attributes = map[[empty]]]].
00:03:35.257 [Test worker] DEBUG org.springframework.test.context.support.TestPropertySourceUtils - Adding inlined properties to environment: {spring.jmx.enabled=false, org.springframework.boot.test.autoconfigure.web.servlet.WebMvcTestContextBootstrapper=true, server.port=-1}

  .   ____          _            __ _ _
 /\\ / ___'_ __ _ _(_)_ __  __ _ \ \ \ \
( ( )\___ | '_ | '_| | '_ \/ _` | \ \ \ \
 \\/  ___)| |_)| | | | | || (_| |  ) ) ) )
  '  |____| .__|_| |_|_| |_\__, | / / / /
 =========|_|==============|___/=/_/_/_/
 :: Spring Boot ::        (v2.1.7.RELEASE)

2020-07-29 00:03:35.583  INFO 34996 --- [    Test worker] o.e.springboot.HelloControllerTest       : Starting HelloControllerTest on DESKTOP-DG5FISV with PID 34996 (started by coldFlow in C:\Users\coldFlow\IdeaProjects\springboot-webservice)
2020-07-29 00:03:35.584  INFO 34996 --- [    Test worker] o.e.springboot.HelloControllerTest       : The following profiles are active: oauth
2020-07-29 00:03:36.940  INFO 34996 --- [    Test worker] o.s.s.concurrent.ThreadPoolTaskExecutor  : Initializing ExecutorService 'applicationTaskExecutor'
2020-07-29 00:03:37.035  INFO 34996 --- [    Test worker] o.s.b.a.w.s.WelcomePageHandlerMapping    : Adding welcome page: class path resource [static/index.html]
2020-07-29 00:03:37.412  INFO 34996 --- [    Test worker] .s.s.UserDetailsServiceAutoConfiguration : 

Using generated security password: 9a319979-7a89-4cf0-900a-6770c9da85d0

2020-07-29 00:03:37.729  INFO 34996 --- [    Test worker] o.s.s.web.DefaultSecurityFilterChain     : Creating filter chain: any request, [org.springframework.security.web.context.request.async.WebAsyncManagerIntegrationFilter@631c88f, org.springframework.security.web.context.SecurityContextPersistenceFilter@431d5152, org.springframework.security.web.header.HeaderWriterFilter@20f36f26, org.springframework.security.web.csrf.CsrfFilter@447b8097, org.springframework.security.web.authentication.logout.LogoutFilter@740c7edf, org.springframework.security.web.authentication.UsernamePasswordAuthenticationFilter@7f457fbe, org.springframework.security.web.authentication.ui.DefaultLoginPageGeneratingFilter@4bbffb80, org.springframework.security.web.authentication.ui.DefaultLogoutPageGeneratingFilter@61a92c7c, org.springframework.security.web.authentication.www.BasicAuthenticationFilter@5fa9d9ca, org.springframework.security.web.savedrequest.RequestCacheAwareFilter@6796b209, org.springframework.security.web.servletapi.SecurityContextHolderAwareRequestFilter@11c7e2e6, org.springframework.security.web.authentication.AnonymousAuthenticationFilter@3afec1e8, org.springframework.security.web.session.SessionManagementFilter@2d0db79d, org.springframework.security.web.access.ExceptionTranslationFilter@459312e6, org.springframework.security.web.access.intercept.FilterSecurityInterceptor@6f46c961]
2020-07-29 00:03:37.781  INFO 34996 --- [    Test worker] o.s.b.t.m.w.SpringBootMockServletContext : Initializing Spring TestDispatcherServlet ''
2020-07-29 00:03:37.782  INFO 34996 --- [    Test worker] o.s.t.web.servlet.TestDispatcherServlet  : Initializing Servlet ''
2020-07-29 00:03:37.797  INFO 34996 --- [    Test worker] o.s.t.web.servlet.TestDispatcherServlet  : Completed initialization in 15 ms
2020-07-29 00:03:37.846  INFO 34996 --- [    Test worker] o.e.springboot.HelloControllerTest       : Started HelloControllerTest in 2.58 seconds (JVM running for 3.77)
]]></system-out>
  <system-err><![CDATA[]]></system-err>
</testsuite>
