<?xml version="1.0" encoding="UTF-8"?>
<testsuite name="org.example.springboot.web.IndexControllerTest" tests="1" skipped="0" failures="0" errors="0" timestamp="2020-07-28T15:03:45" hostname="DESKTOP-DG5FISV" time="0.163">
  <properties/>
  <testcase name="메인페이지_로딩" classname="org.example.springboot.web.IndexControllerTest" time="0.163"/>
  <system-out><![CDATA[2020-07-29 00:03:43.277  INFO 34996 --- [    Test worker] .b.t.c.SpringBootTestContextBootstrapper : Neither @ContextConfiguration nor @ContextHierarchy found for test class [org.example.springboot.web.IndexControllerTest], using SpringBootContextLoader
2020-07-29 00:03:43.278  INFO 34996 --- [    Test worker] o.s.t.c.support.AbstractContextLoader    : Could not detect default resource locations for test class [org.example.springboot.web.IndexControllerTest]: no resource found for suffixes {-context.xml, Context.groovy}.
2020-07-29 00:03:43.279  INFO 34996 --- [    Test worker] t.c.s.AnnotationConfigContextLoaderUtils : Could not detect default configuration classes for test class [org.example.springboot.web.IndexControllerTest]: IndexControllerTest does not declare any static, non-private, non-final, nested classes annotated with @Configuration.
2020-07-29 00:03:43.290  INFO 34996 --- [    Test worker] .b.t.c.SpringBootTestContextBootstrapper : Found @SpringBootConfiguration org.example.springboot.Application for test class org.example.springboot.web.IndexControllerTest
2020-07-29 00:03:43.291  INFO 34996 --- [    Test worker] .b.t.c.SpringBootTestContextBootstrapper : Loaded default TestExecutionListener class names from location [META-INF/spring.factories]: [org.springframework.security.test.context.support.WithSecurityContextTestExecutionListener, org.springframework.security.test.context.support.ReactorContextTestExecutionListener, org.springframework.boot.test.autoconfigure.restdocs.RestDocsTestExecutionListener, org.springframework.boot.test.autoconfigure.web.client.MockRestServiceServerResetTestExecutionListener, org.springframework.boot.test.autoconfigure.web.servlet.MockMvcPrintOnlyOnFailureTestExecutionListener, org.springframework.boot.test.autoconfigure.web.servlet.WebDriverTestExecutionListener, org.springframework.boot.test.mock.mockito.MockitoTestExecutionListener, org.springframework.boot.test.mock.mockito.ResetMocksTestExecutionListener, org.springframework.test.context.web.ServletTestExecutionListener, org.springframework.test.context.support.DirtiesContextBeforeModesTestExecutionListener, org.springframework.test.context.support.DependencyInjectionTestExecutionListener, org.springframework.test.context.support.DirtiesContextTestExecutionListener, org.springframework.test.context.transaction.TransactionalTestExecutionListener, org.springframework.test.context.jdbc.SqlScriptsTestExecutionListener]
2020-07-29 00:03:43.292  INFO 34996 --- [    Test worker] .b.t.c.SpringBootTestContextBootstrapper : Using TestExecutionListeners: [org.springframework.test.context.web.ServletTestExecutionListener@14f186ef, org.springframework.test.context.support.DirtiesContextBeforeModesTestExecutionListener@6d7de04c, org.springframework.boot.test.mock.mockito.MockitoTestExecutionListener@7ff6bd94, org.springframework.boot.test.autoconfigure.SpringBootDependencyInjectionTestExecutionListener@55657018, org.springframework.test.context.support.DirtiesContextTestExecutionListener@4dbb52a5, org.springframework.test.context.transaction.TransactionalTestExecutionListener@4fc6b4de, org.springframework.test.context.jdbc.SqlScriptsTestExecutionListener@516aaaf, org.springframework.security.test.context.support.WithSecurityContextTestExecutionListener@7b0dffa5, org.springframework.security.test.context.support.ReactorContextTestExecutionListener@6c34b41b, org.springframework.boot.test.autoconfigure.restdocs.RestDocsTestExecutionListener@16ae8d07, org.springframework.boot.test.autoconfigure.web.client.MockRestServiceServerResetTestExecutionListener@265d1eaf, org.springframework.boot.test.autoconfigure.web.servlet.MockMvcPrintOnlyOnFailureTestExecutionListener@32392d16, org.springframework.boot.test.autoconfigure.web.servlet.WebDriverTestExecutionListener@7be4d326, org.springframework.boot.test.mock.mockito.ResetMocksTestExecutionListener@1940afe8]

  .   ____          _            __ _ _
 /\\ / ___'_ __ _ _(_)_ __  __ _ \ \ \ \
( ( )\___ | '_ | '_| | '_ \/ _` | \ \ \ \
 \\/  ___)| |_)| | | | | || (_| |  ) ) ) )
  '  |____| .__|_| |_|_| |_\__, | / / / /
 =========|_|==============|___/=/_/_/_/
 :: Spring Boot ::        (v2.1.7.RELEASE)

2020-07-29 00:03:43.353  INFO 34996 --- [    Test worker] o.e.springboot.web.IndexControllerTest   : Starting IndexControllerTest on DESKTOP-DG5FISV with PID 34996 (started by coldFlow in C:\Users\coldFlow\IdeaProjects\springboot-webservice)
2020-07-29 00:03:43.353  INFO 34996 --- [    Test worker] o.e.springboot.web.IndexControllerTest   : The following profiles are active: oauth
2020-07-29 00:03:43.644  INFO 34996 --- [    Test worker] .s.d.r.c.RepositoryConfigurationDelegate : Bootstrapping Spring Data repositories in DEFAULT mode.
2020-07-29 00:03:43.682  INFO 34996 --- [    Test worker] .s.d.r.c.RepositoryConfigurationDelegate : Finished Spring Data repository scanning in 38ms. Found 2 repository interfaces.
2020-07-29 00:03:43.781  INFO 34996 --- [    Test worker] trationDelegate$BeanPostProcessorChecker : Bean 'org.springframework.transaction.annotation.ProxyTransactionManagementConfiguration' of type [org.springframework.transaction.annotation.ProxyTransactionManagementConfiguration$$EnhancerBySpringCGLIB$$c224c39] is not eligible for getting processed by all BeanPostProcessors (for example: not eligible for auto-proxying)
2020-07-29 00:03:44.051  INFO 34996 --- [    Test worker] o.s.b.w.embedded.tomcat.TomcatWebServer  : Tomcat initialized with port(s): 0 (http)
2020-07-29 00:03:44.080  INFO 34996 --- [    Test worker] o.apache.catalina.core.StandardService   : Starting service [Tomcat]
2020-07-29 00:03:44.080  INFO 34996 --- [    Test worker] org.apache.catalina.core.StandardEngine  : Starting Servlet engine: [Apache Tomcat/9.0.22]
2020-07-29 00:03:44.276  INFO 34996 --- [    Test worker] o.a.c.c.C.[Tomcat].[localhost].[/]       : Initializing Spring embedded WebApplicationContext
2020-07-29 00:03:44.276  INFO 34996 --- [    Test worker] o.s.web.context.ContextLoader            : Root WebApplicationContext: initialization completed in 920 ms
2020-07-29 00:03:44.484  INFO 34996 --- [    Test worker] com.zaxxer.hikari.HikariDataSource       : HikariPool-2 - Starting...
2020-07-29 00:03:44.485  INFO 34996 --- [    Test worker] com.zaxxer.hikari.HikariDataSource       : HikariPool-2 - Start completed.
2020-07-29 00:03:44.535  INFO 34996 --- [    Test worker] o.hibernate.jpa.internal.util.LogHelper  : HHH000204: Processing PersistenceUnitInfo [
	name: default
	...]
2020-07-29 00:03:44.548  INFO 34996 --- [    Test worker] org.hibernate.dialect.Dialect            : HHH000400: Using dialect: org.hibernate.dialect.MySQL5InnoDBDialect
Hibernate: drop table if exists posts
Hibernate: drop table if exists user
Hibernate: create table posts (id bigint not null auto_increment, created_date datetime, modified_date datetime, author varchar(255), content TEXT not null, title varchar(500) not null, primary key (id)) engine=InnoDB
Hibernate: create table user (id bigint not null auto_increment, created_date datetime, modified_date datetime, email varchar(255) not null, name varchar(255) not null, picture varchar(255), role varchar(255) not null, primary key (id)) engine=InnoDB
2020-07-29 00:03:44.606  INFO 34996 --- [    Test worker] o.h.t.schema.internal.SchemaCreatorImpl  : HHH000476: Executing import script 'org.hibernate.tool.schema.internal.exec.ScriptSourceInputNonExistentImpl@61a5822f'
2020-07-29 00:03:44.607  INFO 34996 --- [    Test worker] j.LocalContainerEntityManagerFactoryBean : Initialized JPA EntityManagerFactory for persistence unit 'default'
2020-07-29 00:03:44.933  INFO 34996 --- [    Test worker] o.h.h.i.QueryTranslatorFactoryInitiator  : HHH000397: Using ASTQueryTranslatorFactory
2020-07-29 00:03:45.080  INFO 34996 --- [    Test worker] o.s.s.web.DefaultSecurityFilterChain     : Creating filter chain: any request, [org.springframework.security.web.context.request.async.WebAsyncManagerIntegrationFilter@40e710d1, org.springframework.security.web.context.SecurityContextPersistenceFilter@234175cb, org.springframework.security.web.header.HeaderWriterFilter@5cbed28d, org.springframework.security.web.authentication.logout.LogoutFilter@60bdec9, org.springframework.security.oauth2.client.web.OAuth2AuthorizationRequestRedirectFilter@4fb520f0, org.springframework.security.oauth2.client.web.OAuth2LoginAuthenticationFilter@29b7b64b, org.springframework.security.web.authentication.ui.DefaultLoginPageGeneratingFilter@2e4c19e6, org.springframework.security.web.authentication.ui.DefaultLogoutPageGeneratingFilter@19de6881, org.springframework.security.web.savedrequest.RequestCacheAwareFilter@3af8f5b, org.springframework.security.web.servletapi.SecurityContextHolderAwareRequestFilter@29af1f19, org.springframework.security.web.authentication.AnonymousAuthenticationFilter@7f0a79ea, org.springframework.security.web.session.SessionManagementFilter@6b9d8f2d, org.springframework.security.web.access.ExceptionTranslationFilter@434c6058, org.springframework.security.web.access.intercept.FilterSecurityInterceptor@4ee2f05c]
2020-07-29 00:03:45.262  INFO 34996 --- [    Test worker] o.s.s.concurrent.ThreadPoolTaskExecutor  : Initializing ExecutorService 'applicationTaskExecutor'
2020-07-29 00:03:45.275  WARN 34996 --- [    Test worker] aWebConfiguration$JpaWebMvcConfiguration : spring.jpa.open-in-view is enabled by default. Therefore, database queries may be performed during view rendering. Explicitly configure spring.jpa.open-in-view to disable this warning
2020-07-29 00:03:45.299  INFO 34996 --- [    Test worker] o.s.b.a.w.s.WelcomePageHandlerMapping    : Adding welcome page: class path resource [static/index.html]
2020-07-29 00:03:45.566  INFO 34996 --- [    Test worker] s.a.ScheduledAnnotationBeanPostProcessor : No TaskScheduler/ScheduledExecutorService bean found for scheduled processing
2020-07-29 00:03:45.585  INFO 34996 --- [    Test worker] o.s.b.w.embedded.tomcat.TomcatWebServer  : Tomcat started on port(s): 63170 (http) with context path ''
2020-07-29 00:03:45.585  INFO 34996 --- [    Test worker] o.e.springboot.web.IndexControllerTest   : Started IndexControllerTest in 2.291 seconds (JVM running for 11.509)
2020-07-29 00:03:45.668  INFO 34996 --- [o-auto-1-exec-1] o.a.c.c.C.[Tomcat].[localhost].[/]       : Initializing Spring DispatcherServlet 'dispatcherServlet'
2020-07-29 00:03:45.668  INFO 34996 --- [o-auto-1-exec-1] o.s.web.servlet.DispatcherServlet        : Initializing Servlet 'dispatcherServlet'
2020-07-29 00:03:45.685  INFO 34996 --- [o-auto-1-exec-1] o.s.web.servlet.DispatcherServlet        : Completed initialization in 17 ms
Hibernate: select posts0_.id as id1_0_, posts0_.created_date as created_2_0_, posts0_.modified_date as modified3_0_, posts0_.author as author4_0_, posts0_.content as content5_0_, posts0_.title as title6_0_ from posts posts0_ order by posts0_.id DESC
]]></system-out>
  <system-err><![CDATA[]]></system-err>
</testsuite>
