<?xml version="1.0" encoding="UTF-8"?>
<testsuite name="org.example.springboot.posts.domain.PostRepositoryTest" tests="2" skipped="0" failures="0" errors="0" timestamp="2020-07-28T15:03:43" hostname="DESKTOP-DG5FISV" time="0.193">
  <properties/>
  <testcase name="게시글저장_불러오기" classname="org.example.springboot.posts.domain.PostRepositoryTest" time="0.18"/>
  <testcase name="BaseTimeEntity_등록" classname="org.example.springboot.posts.domain.PostRepositoryTest" time="0.013"/>
  <system-out><![CDATA[2020-07-29 00:03:38.257  INFO 34996 --- [    Test worker] .b.t.c.SpringBootTestContextBootstrapper : Neither @ContextConfiguration nor @ContextHierarchy found for test class [org.example.springboot.posts.domain.PostRepositoryTest], using SpringBootContextLoader
2020-07-29 00:03:38.258  INFO 34996 --- [    Test worker] o.s.t.c.support.AbstractContextLoader    : Could not detect default resource locations for test class [org.example.springboot.posts.domain.PostRepositoryTest]: no resource found for suffixes {-context.xml, Context.groovy}.
2020-07-29 00:03:38.258  INFO 34996 --- [    Test worker] t.c.s.AnnotationConfigContextLoaderUtils : Could not detect default configuration classes for test class [org.example.springboot.posts.domain.PostRepositoryTest]: PostRepositoryTest does not declare any static, non-private, non-final, nested classes annotated with @Configuration.
2020-07-29 00:03:38.268  INFO 34996 --- [    Test worker] .b.t.c.SpringBootTestContextBootstrapper : Found @SpringBootConfiguration org.example.springboot.Application for test class org.example.springboot.posts.domain.PostRepositoryTest
2020-07-29 00:03:38.270  INFO 34996 --- [    Test worker] .b.t.c.SpringBootTestContextBootstrapper : Loaded default TestExecutionListener class names from location [META-INF/spring.factories]: [org.springframework.security.test.context.support.WithSecurityContextTestExecutionListener, org.springframework.security.test.context.support.ReactorContextTestExecutionListener, org.springframework.boot.test.autoconfigure.restdocs.RestDocsTestExecutionListener, org.springframework.boot.test.autoconfigure.web.client.MockRestServiceServerResetTestExecutionListener, org.springframework.boot.test.autoconfigure.web.servlet.MockMvcPrintOnlyOnFailureTestExecutionListener, org.springframework.boot.test.autoconfigure.web.servlet.WebDriverTestExecutionListener, org.springframework.boot.test.mock.mockito.MockitoTestExecutionListener, org.springframework.boot.test.mock.mockito.ResetMocksTestExecutionListener, org.springframework.test.context.web.ServletTestExecutionListener, org.springframework.test.context.support.DirtiesContextBeforeModesTestExecutionListener, org.springframework.test.context.support.DependencyInjectionTestExecutionListener, org.springframework.test.context.support.DirtiesContextTestExecutionListener, org.springframework.test.context.transaction.TransactionalTestExecutionListener, org.springframework.test.context.jdbc.SqlScriptsTestExecutionListener]
2020-07-29 00:03:38.271  INFO 34996 --- [    Test worker] .b.t.c.SpringBootTestContextBootstrapper : Using TestExecutionListeners: [org.springframework.test.context.web.ServletTestExecutionListener@4059ac15, org.springframework.test.context.support.DirtiesContextBeforeModesTestExecutionListener@737f0d7c, org.springframework.boot.test.mock.mockito.MockitoTestExecutionListener@14e67c60, org.springframework.boot.test.autoconfigure.SpringBootDependencyInjectionTestExecutionListener@353d3b22, org.springframework.test.context.support.DirtiesContextTestExecutionListener@38891094, org.springframework.test.context.transaction.TransactionalTestExecutionListener@3316ee14, org.springframework.test.context.jdbc.SqlScriptsTestExecutionListener@14b4816a, org.springframework.security.test.context.support.WithSecurityContextTestExecutionListener@480c4cf5, org.springframework.security.test.context.support.ReactorContextTestExecutionListener@3871f8d0, org.springframework.boot.test.autoconfigure.restdocs.RestDocsTestExecutionListener@3c13d784, org.springframework.boot.test.autoconfigure.web.client.MockRestServiceServerResetTestExecutionListener@c1cbebd, org.springframework.boot.test.autoconfigure.web.servlet.MockMvcPrintOnlyOnFailureTestExecutionListener@265d202f, org.springframework.boot.test.autoconfigure.web.servlet.WebDriverTestExecutionListener@115dfb4c, org.springframework.boot.test.mock.mockito.ResetMocksTestExecutionListener@3350a114]

  .   ____          _            __ _ _
 /\\ / ___'_ __ _ _(_)_ __  __ _ \ \ \ \
( ( )\___ | '_ | '_| | '_ \/ _` | \ \ \ \
 \\/  ___)| |_)| | | | | || (_| |  ) ) ) )
  '  |____| .__|_| |_|_| |_\__, | / / / /
 =========|_|==============|___/=/_/_/_/
 :: Spring Boot ::        (v2.1.7.RELEASE)

2020-07-29 00:03:38.322  INFO 34996 --- [    Test worker] o.e.s.posts.domain.PostRepositoryTest    : Starting PostRepositoryTest on DESKTOP-DG5FISV with PID 34996 (started by coldFlow in C:\Users\coldFlow\IdeaProjects\springboot-webservice)
2020-07-29 00:03:38.322  INFO 34996 --- [    Test worker] o.e.s.posts.domain.PostRepositoryTest    : The following profiles are active: oauth
2020-07-29 00:03:38.762  INFO 34996 --- [    Test worker] .s.d.r.c.RepositoryConfigurationDelegate : Bootstrapping Spring Data repositories in DEFAULT mode.
2020-07-29 00:03:38.848  INFO 34996 --- [    Test worker] .s.d.r.c.RepositoryConfigurationDelegate : Finished Spring Data repository scanning in 79ms. Found 2 repository interfaces.
2020-07-29 00:03:39.130  INFO 34996 --- [    Test worker] trationDelegate$BeanPostProcessorChecker : Bean 'org.springframework.transaction.annotation.ProxyTransactionManagementConfiguration' of type [org.springframework.transaction.annotation.ProxyTransactionManagementConfiguration$$EnhancerBySpringCGLIB$$c224c39] is not eligible for getting processed by all BeanPostProcessors (for example: not eligible for auto-proxying)
2020-07-29 00:03:39.317  INFO 34996 --- [    Test worker] com.zaxxer.hikari.HikariDataSource       : HikariPool-1 - Starting...
2020-07-29 00:03:39.514  INFO 34996 --- [    Test worker] com.zaxxer.hikari.HikariDataSource       : HikariPool-1 - Start completed.
2020-07-29 00:03:39.659  INFO 34996 --- [    Test worker] o.hibernate.jpa.internal.util.LogHelper  : HHH000204: Processing PersistenceUnitInfo [
	name: default
	...]
2020-07-29 00:03:39.766  INFO 34996 --- [    Test worker] org.hibernate.Version                    : HHH000412: Hibernate Core {5.3.10.Final}
2020-07-29 00:03:39.768  INFO 34996 --- [    Test worker] org.hibernate.cfg.Environment            : HHH000206: hibernate.properties not found
2020-07-29 00:03:39.843  INFO 34996 --- [    Test worker] o.hibernate.annotations.common.Version   : HCANN000001: Hibernate Commons Annotations {5.0.4.Final}
2020-07-29 00:03:40.057  INFO 34996 --- [    Test worker] org.hibernate.dialect.Dialect            : HHH000400: Using dialect: org.hibernate.dialect.MySQL5InnoDBDialect
Hibernate: drop table if exists posts
Hibernate: drop table if exists user
Hibernate: create table posts (id bigint not null auto_increment, created_date datetime, modified_date datetime, author varchar(255), content TEXT not null, title varchar(500) not null, primary key (id)) engine=InnoDB
Hibernate: create table user (id bigint not null auto_increment, created_date datetime, modified_date datetime, email varchar(255) not null, name varchar(255) not null, picture varchar(255), role varchar(255) not null, primary key (id)) engine=InnoDB
2020-07-29 00:03:41.047  INFO 34996 --- [    Test worker] o.h.t.schema.internal.SchemaCreatorImpl  : HHH000476: Executing import script 'org.hibernate.tool.schema.internal.exec.ScriptSourceInputNonExistentImpl@61a5822f'
2020-07-29 00:03:41.051  INFO 34996 --- [    Test worker] j.LocalContainerEntityManagerFactoryBean : Initialized JPA EntityManagerFactory for persistence unit 'default'
2020-07-29 00:03:41.592  INFO 34996 --- [    Test worker] o.h.h.i.QueryTranslatorFactoryInitiator  : HHH000397: Using ASTQueryTranslatorFactory
2020-07-29 00:03:41.998  INFO 34996 --- [    Test worker] o.s.s.web.DefaultSecurityFilterChain     : Creating filter chain: any request, [org.springframework.security.web.context.request.async.WebAsyncManagerIntegrationFilter@5569924c, org.springframework.security.web.context.SecurityContextPersistenceFilter@7023d3bc, org.springframework.security.web.header.HeaderWriterFilter@7ec584dc, org.springframework.security.web.authentication.logout.LogoutFilter@139af03c, org.springframework.security.oauth2.client.web.OAuth2AuthorizationRequestRedirectFilter@3449d2ca, org.springframework.security.oauth2.client.web.OAuth2LoginAuthenticationFilter@5887d3c, org.springframework.security.web.authentication.ui.DefaultLoginPageGeneratingFilter@7dca620a, org.springframework.security.web.authentication.ui.DefaultLogoutPageGeneratingFilter@49e0d415, org.springframework.security.web.savedrequest.RequestCacheAwareFilter@36253b92, org.springframework.security.web.servletapi.SecurityContextHolderAwareRequestFilter@6414baee, org.springframework.security.web.authentication.AnonymousAuthenticationFilter@f472188, org.springframework.security.web.session.SessionManagementFilter@789c2b65, org.springframework.security.web.access.ExceptionTranslationFilter@4070d61c, org.springframework.security.web.access.intercept.FilterSecurityInterceptor@5264fa5a]
2020-07-29 00:03:42.405  INFO 34996 --- [    Test worker] o.s.s.concurrent.ThreadPoolTaskExecutor  : Initializing ExecutorService 'applicationTaskExecutor'
2020-07-29 00:03:42.421  WARN 34996 --- [    Test worker] aWebConfiguration$JpaWebMvcConfiguration : spring.jpa.open-in-view is enabled by default. Therefore, database queries may be performed during view rendering. Explicitly configure spring.jpa.open-in-view to disable this warning
2020-07-29 00:03:42.458  INFO 34996 --- [    Test worker] o.s.b.a.w.s.WelcomePageHandlerMapping    : Adding welcome page: class path resource [static/index.html]
2020-07-29 00:03:43.065  INFO 34996 --- [    Test worker] s.a.ScheduledAnnotationBeanPostProcessor : No TaskScheduler/ScheduledExecutorService bean found for scheduled processing
2020-07-29 00:03:43.076  INFO 34996 --- [    Test worker] o.e.s.posts.domain.PostRepositoryTest    : Started PostRepositoryTest in 4.803 seconds (JVM running for 9.0)
Hibernate: insert into posts (created_date, modified_date, author, content, title) values (?, ?, ?, ?, ?)
Hibernate: select posts0_.id as id1_0_, posts0_.created_date as created_2_0_, posts0_.modified_date as modified3_0_, posts0_.author as author4_0_, posts0_.content as content5_0_, posts0_.title as title6_0_ from posts posts0_
Hibernate: select posts0_.id as id1_0_, posts0_.created_date as created_2_0_, posts0_.modified_date as modified3_0_, posts0_.author as author4_0_, posts0_.content as content5_0_, posts0_.title as title6_0_ from posts posts0_
Hibernate: delete from posts where id=?
Hibernate: insert into posts (created_date, modified_date, author, content, title) values (?, ?, ?, ?, ?)
Hibernate: select posts0_.id as id1_0_, posts0_.created_date as created_2_0_, posts0_.modified_date as modified3_0_, posts0_.author as author4_0_, posts0_.content as content5_0_, posts0_.title as title6_0_ from posts posts0_
>>>>>>>>> createDate=2020-07-29T00:03:43.265, modifiedDate=2020-07-29T00:03:43.265
Hibernate: select posts0_.id as id1_0_, posts0_.created_date as created_2_0_, posts0_.modified_date as modified3_0_, posts0_.author as author4_0_, posts0_.content as content5_0_, posts0_.title as title6_0_ from posts posts0_
Hibernate: delete from posts where id=?
]]></system-out>
  <system-err><![CDATA[]]></system-err>
</testsuite>
